<?xml version="1.0" encoding="UTF-8"?>
<!-- Generated by org.testng.reporters.JUnitReportReporter -->
<testsuite hostname="DESKTOP-BH6LQCD" failures="0" tests="4" name="testcase.RunErailUseCase" time="11.480" errors="0" timestamp="2024-11-03T00:01:44 IST" skipped="0">
  <testcase classname="testcase.RunErailUseCase" name="fromStationSelection" time="1.955"/>
  <system-out/>
  <testcase classname="testcase.RunErailUseCase" name="SortonDateSelection" time="5.264"/>
  <system-out/>
  <testcase classname="testcase.RunErailUseCase" name="GetListFromDropDowninXLS" time="3.264"/>
  <system-out/>
  <testcase classname="testcase.RunErailUseCase" name="CompairDropDownListToExistion" time="0.997"/>
  <system-out/>
</testsuite> <!-- testcase.RunErailUseCase -->
